------------------------------------------------------------------------------------
Date: 2/13/2021 -- 01:57:34 (uptime: 0d, 00h 00m 08s)
------------------------------------------------------------------------------------
Counter                                       | TM Name                   | Value
------------------------------------------------------------------------------------
flow.spare                                    | Total                     | 10000
flow_mgr.rows_checked                         | Total                     | 65536
flow_mgr.rows_skipped                         | Total                     | 65536
tcp.memuse                                    | Total                     | 1146880
tcp.reassembly_memuse                         | Total                     | 196608
flow.memuse                                   | Total                     | 7554304
------------------------------------------------------------------------------------
Date: 2/13/2021 -- 01:57:42 (uptime: 0d, 00h 00m 16s)
------------------------------------------------------------------------------------
Counter                                       | TM Name                   | Value
------------------------------------------------------------------------------------
flow.spare                                    | Total                     | 10000
flow_mgr.rows_checked                         | Total                     | 65536
flow_mgr.rows_skipped                         | Total                     | 65536
tcp.memuse                                    | Total                     | 1146880
tcp.reassembly_memuse                         | Total                     | 196608
flow.memuse                                   | Total                     | 7554304
------------------------------------------------------------------------------------
Date: 2/13/2021 -- 01:57:50 (uptime: 0d, 00h 00m 24s)
------------------------------------------------------------------------------------
Counter                                       | TM Name                   | Value
------------------------------------------------------------------------------------
flow.spare                                    | Total                     | 10000
flow_mgr.rows_checked                         | Total                     | 65536
flow_mgr.rows_skipped                         | Total                     | 65536
tcp.memuse                                    | Total                     | 1146880
tcp.reassembly_memuse                         | Total                     | 196608
flow.memuse                                   | Total                     | 7554304
------------------------------------------------------------------------------------
Date: 2/13/2021 -- 01:57:58 (uptime: 0d, 00h 00m 32s)
------------------------------------------------------------------------------------
Counter                                       | TM Name                   | Value
------------------------------------------------------------------------------------
flow.spare                                    | Total                     | 10000
flow_mgr.rows_checked                         | Total                     | 65536
flow_mgr.rows_skipped                         | Total                     | 65536
tcp.memuse                                    | Total                     | 1146880
tcp.reassembly_memuse                         | Total                     | 196608
flow.memuse                                   | Total                     | 7554640
------------------------------------------------------------------------------------
Date: 2/13/2021 -- 01:58:06 (uptime: 0d, 00h 00m 40s)
------------------------------------------------------------------------------------
Counter                                       | TM Name                   | Value
------------------------------------------------------------------------------------
capture.kernel_packets                        | Total                     | 10
decoder.pkts                                  | Total                     | 11
decoder.bytes                                 | Total                     | 984
decoder.ipv4                                  | Total                     | 9
decoder.ethernet                              | Total                     | 11
decoder.icmpv4                                | Total                     | 9
decoder.avg_pkt_size                          | Total                     | 89
decoder.max_pkt_size                          | Total                     | 98
flow.icmpv4                                   | Total                     | 1
detect.alert                                  | Total                     | 1
flow.spare                                    | Total                     | 10000
flow_mgr.rows_checked                         | Total                     | 65536
flow_mgr.rows_skipped                         | Total                     | 65536
tcp.memuse                                    | Total                     | 1146880
tcp.reassembly_memuse                         | Total                     | 196608
flow.memuse                                   | Total                     | 7554640
------------------------------------------------------------------------------------
Date: 2/13/2021 -- 01:58:14 (uptime: 0d, 00h 00m 48s)
------------------------------------------------------------------------------------
Counter                                       | TM Name                   | Value
------------------------------------------------------------------------------------
capture.kernel_packets                        | Total                     | 16
decoder.pkts                                  | Total                     | 16
decoder.bytes                                 | Total                     | 1474
decoder.ipv4                                  | Total                     | 14
decoder.ethernet                              | Total                     | 16
decoder.icmpv4                                | Total                     | 14
decoder.avg_pkt_size                          | Total                     | 92
decoder.max_pkt_size                          | Total                     | 98
flow.icmpv4                                   | Total                     | 1
detect.alert                                  | Total                     | 1
flow.spare                                    | Total                     | 10000
flow_mgr.rows_checked                         | Total                     | 65536
flow_mgr.rows_skipped                         | Total                     | 65536
tcp.memuse                                    | Total                     | 1146880
tcp.reassembly_memuse                         | Total                     | 196608
flow.memuse                                   | Total                     | 7554640
------------------------------------------------------------------------------------
Date: 2/13/2021 -- 01:58:22 (uptime: 0d, 00h 00m 56s)
------------------------------------------------------------------------------------
Counter                                       | TM Name                   | Value
------------------------------------------------------------------------------------
capture.kernel_packets                        | Total                     | 25
decoder.pkts                                  | Total                     | 25
decoder.bytes                                 | Total                     | 2356
decoder.ipv4                                  | Total                     | 23
decoder.ethernet                              | Total                     | 25
decoder.icmpv4                                | Total                     | 23
decoder.avg_pkt_size                          | Total                     | 94
decoder.max_pkt_size                          | Total                     | 98
flow.icmpv4                                   | Total                     | 1
detect.alert                                  | Total                     | 1
flow.spare                                    | Total                     | 10000
flow_mgr.rows_checked                         | Total                     | 65536
flow_mgr.rows_skipped                         | Total                     | 65536
tcp.memuse                                    | Total                     | 1146880
tcp.reassembly_memuse                         | Total                     | 196608
flow.memuse                                   | Total                     | 7554640
------------------------------------------------------------------------------------
Date: 2/13/2021 -- 01:58:30 (uptime: 0d, 00h 01m 04s)
------------------------------------------------------------------------------------
Counter                                       | TM Name                   | Value
------------------------------------------------------------------------------------
capture.kernel_packets                        | Total                     | 34
decoder.pkts                                  | Total                     | 34
decoder.bytes                                 | Total                     | 3238
decoder.ipv4                                  | Total                     | 32
decoder.ethernet                              | Total                     | 34
decoder.icmpv4                                | Total                     | 32
decoder.avg_pkt_size                          | Total                     | 95
decoder.max_pkt_size                          | Total                     | 98
flow.icmpv4                                   | Total                     | 1
detect.alert                                  | Total                     | 1
flow.spare                                    | Total                     | 10000
flow_mgr.rows_checked                         | Total                     | 65536
flow_mgr.rows_skipped                         | Total                     | 65536
tcp.memuse                                    | Total                     | 1146880
tcp.reassembly_memuse                         | Total                     | 196608
flow.memuse                                   | Total                     | 7554640
------------------------------------------------------------------------------------
Date: 2/13/2021 -- 01:58:38 (uptime: 0d, 00h 01m 12s)
------------------------------------------------------------------------------------
Counter                                       | TM Name                   | Value
------------------------------------------------------------------------------------
capture.kernel_packets                        | Total                     | 42
decoder.pkts                                  | Total                     | 42
decoder.bytes                                 | Total                     | 3928
decoder.ipv4                                  | Total                     | 38
decoder.ethernet                              | Total                     | 42
decoder.icmpv4                                | Total                     | 38
decoder.avg_pkt_size                          | Total                     | 93
decoder.max_pkt_size                          | Total                     | 98
flow.icmpv4                                   | Total                     | 1
detect.alert                                  | Total                     | 1
flow.spare                                    | Total                     | 10000
flow_mgr.rows_checked                         | Total                     | 65536
flow_mgr.rows_skipped                         | Total                     | 65536
tcp.memuse                                    | Total                     | 1146880
tcp.reassembly_memuse                         | Total                     | 196608
flow.memuse                                   | Total                     | 7554640
------------------------------------------------------------------------------------
Date: 2/13/2021 -- 01:58:46 (uptime: 0d, 00h 01m 20s)
------------------------------------------------------------------------------------
Counter                                       | TM Name                   | Value
------------------------------------------------------------------------------------
capture.kernel_packets                        | Total                     | 53
decoder.pkts                                  | Total                     | 55
decoder.bytes                                 | Total                     | 5202
decoder.ipv4                                  | Total                     | 51
decoder.ethernet                              | Total                     | 55
decoder.icmpv4                                | Total                     | 51
decoder.avg_pkt_size                          | Total                     | 94
decoder.max_pkt_size                          | Total                     | 98
flow.icmpv4                                   | Total                     | 1
detect.alert                                  | Total                     | 2
flow.spare                                    | Total                     | 10000
flow_mgr.rows_checked                         | Total                     | 65536
flow_mgr.rows_skipped                         | Total                     | 65536
tcp.memuse                                    | Total                     | 1146880
tcp.reassembly_memuse                         | Total                     | 196608
flow.memuse                                   | Total                     | 7554640
------------------------------------------------------------------------------------
Date: 2/13/2021 -- 01:58:54 (uptime: 0d, 00h 01m 28s)
------------------------------------------------------------------------------------
Counter                                       | TM Name                   | Value
------------------------------------------------------------------------------------
capture.kernel_packets                        | Total                     | 71
decoder.pkts                                  | Total                     | 73
decoder.bytes                                 | Total                     | 6966
decoder.ipv4                                  | Total                     | 69
decoder.ethernet                              | Total                     | 73
decoder.icmpv4                                | Total                     | 69
decoder.avg_pkt_size                          | Total                     | 95
decoder.max_pkt_size                          | Total                     | 98
flow.icmpv4                                   | Total                     | 1
detect.alert                                  | Total                     | 2
flow.spare                                    | Total                     | 10000
flow_mgr.rows_checked                         | Total                     | 65536
flow_mgr.rows_skipped                         | Total                     | 65536
tcp.memuse                                    | Total                     | 1146880
tcp.reassembly_memuse                         | Total                     | 196608
flow.memuse                                   | Total                     | 7554640
------------------------------------------------------------------------------------
Date: 2/13/2021 -- 01:59:02 (uptime: 0d, 00h 01m 36s)
------------------------------------------------------------------------------------
Counter                                       | TM Name                   | Value
------------------------------------------------------------------------------------
capture.kernel_packets                        | Total                     | 85
decoder.pkts                                  | Total                     | 87
decoder.bytes                                 | Total                     | 8244
decoder.ipv4                                  | Total                     | 81
decoder.ethernet                              | Total                     | 87
decoder.icmpv4                                | Total                     | 81
decoder.avg_pkt_size                          | Total                     | 94
decoder.max_pkt_size                          | Total                     | 98
flow.icmpv4                                   | Total                     | 1
detect.alert                                  | Total                     | 2
flow.spare                                    | Total                     | 10000
flow_mgr.rows_checked                         | Total                     | 65536
flow_mgr.rows_skipped                         | Total                     | 65536
tcp.memuse                                    | Total                     | 1146880
tcp.reassembly_memuse                         | Total                     | 196608
flow.memuse                                   | Total                     | 7554640
------------------------------------------------------------------------------------
Date: 2/13/2021 -- 01:59:10 (uptime: 0d, 00h 01m 44s)
------------------------------------------------------------------------------------
Counter                                       | TM Name                   | Value
------------------------------------------------------------------------------------
capture.kernel_packets                        | Total                     | 103
decoder.pkts                                  | Total                     | 105
decoder.bytes                                 | Total                     | 10008
decoder.ipv4                                  | Total                     | 99
decoder.ethernet                              | Total                     | 105
decoder.icmpv4                                | Total                     | 99
decoder.avg_pkt_size                          | Total                     | 95
decoder.max_pkt_size                          | Total                     | 98
flow.icmpv4                                   | Total                     | 1
detect.alert                                  | Total                     | 2
flow.spare                                    | Total                     | 10000
flow_mgr.rows_checked                         | Total                     | 65536
flow_mgr.rows_skipped                         | Total                     | 65536
tcp.memuse                                    | Total                     | 1146880
tcp.reassembly_memuse                         | Total                     | 196608
flow.memuse                                   | Total                     | 7554640
------------------------------------------------------------------------------------
Date: 2/13/2021 -- 01:59:18 (uptime: 0d, 00h 01m 52s)
------------------------------------------------------------------------------------
Counter                                       | TM Name                   | Value
------------------------------------------------------------------------------------
capture.kernel_packets                        | Total                     | 123
decoder.pkts                                  | Total                     | 123
decoder.bytes                                 | Total                     | 11772
decoder.ipv4                                  | Total                     | 117
decoder.ethernet                              | Total                     | 123
decoder.icmpv4                                | Total                     | 117
decoder.avg_pkt_size                          | Total                     | 95
decoder.max_pkt_size                          | Total                     | 98
flow.icmpv4                                   | Total                     | 1
detect.alert                                  | Total                     | 2
flow.spare                                    | Total                     | 10000
flow_mgr.rows_checked                         | Total                     | 65536
flow_mgr.rows_skipped                         | Total                     | 65536
tcp.memuse                                    | Total                     | 1146880
tcp.reassembly_memuse                         | Total                     | 196608
flow.memuse                                   | Total                     | 7554640
------------------------------------------------------------------------------------
Date: 2/13/2021 -- 01:59:19 (uptime: 0d, 00h 01m 53s)
------------------------------------------------------------------------------------
Counter                                       | TM Name                   | Value
------------------------------------------------------------------------------------
capture.kernel_packets                        | Total                     | 123
decoder.pkts                                  | Total                     | 123
decoder.bytes                                 | Total                     | 11772
decoder.ipv4                                  | Total                     | 117
decoder.ethernet                              | Total                     | 123
decoder.icmpv4                                | Total                     | 117
decoder.avg_pkt_size                          | Total                     | 95
decoder.max_pkt_size                          | Total                     | 98
flow.icmpv4                                   | Total                     | 1
detect.alert                                  | Total                     | 2
flow.spare                                    | Total                     | 10000
flow_mgr.rows_checked                         | Total                     | 65536
flow_mgr.rows_skipped                         | Total                     | 65536
tcp.memuse                                    | Total                     | 1146880
tcp.reassembly_memuse                         | Total                     | 196608
flow.memuse                                   | Total                     | 7554640
