------------------------------------------------------------------------------------
Date: 2/26/2021 -- 03:36:44 (uptime: 0d, 00h 00m 08s)
------------------------------------------------------------------------------------
Counter                                       | TM Name                   | Value
------------------------------------------------------------------------------------
capture.kernel_packets                        | Total                     | 12
decoder.pkts                                  | Total                     | 12
decoder.bytes                                 | Total                     | 1176
decoder.ipv4                                  | Total                     | 12
decoder.ethernet                              | Total                     | 12
decoder.icmpv4                                | Total                     | 12
decoder.avg_pkt_size                          | Total                     | 98
decoder.max_pkt_size                          | Total                     | 98
flow.icmpv4                                   | Total                     | 1
detect.alert                                  | Total                     | 2
flow.spare                                    | Total                     | 10000
flow_mgr.rows_checked                         | Total                     | 65536
flow_mgr.rows_skipped                         | Total                     | 65536
tcp.memuse                                    | Total                     | 1146880
tcp.reassembly_memuse                         | Total                     | 196608
flow.memuse                                   | Total                     | 7554640
------------------------------------------------------------------------------------
Date: 2/26/2021 -- 03:36:52 (uptime: 0d, 00h 00m 16s)
------------------------------------------------------------------------------------
Counter                                       | TM Name                   | Value
------------------------------------------------------------------------------------
capture.kernel_packets                        | Total                     | 30
decoder.pkts                                  | Total                     | 30
decoder.bytes                                 | Total                     | 2940
decoder.ipv4                                  | Total                     | 30
decoder.ethernet                              | Total                     | 30
decoder.icmpv4                                | Total                     | 30
decoder.avg_pkt_size                          | Total                     | 98
decoder.max_pkt_size                          | Total                     | 98
flow.icmpv4                                   | Total                     | 1
detect.alert                                  | Total                     | 2
flow.spare                                    | Total                     | 10000
flow_mgr.rows_checked                         | Total                     | 65536
flow_mgr.rows_skipped                         | Total                     | 65536
tcp.memuse                                    | Total                     | 1146880
tcp.reassembly_memuse                         | Total                     | 196608
flow.memuse                                   | Total                     | 7554640
------------------------------------------------------------------------------------
Date: 2/26/2021 -- 03:37:00 (uptime: 0d, 00h 00m 24s)
------------------------------------------------------------------------------------
Counter                                       | TM Name                   | Value
------------------------------------------------------------------------------------
capture.kernel_packets                        | Total                     | 46
decoder.pkts                                  | Total                     | 50
decoder.bytes                                 | Total                     | 4900
decoder.ipv4                                  | Total                     | 50
decoder.ethernet                              | Total                     | 50
decoder.icmpv4                                | Total                     | 50
decoder.avg_pkt_size                          | Total                     | 98
decoder.max_pkt_size                          | Total                     | 98
flow.icmpv4                                   | Total                     | 1
detect.alert                                  | Total                     | 2
flow.spare                                    | Total                     | 10000
flow_mgr.rows_checked                         | Total                     | 65536
flow_mgr.rows_skipped                         | Total                     | 65536
tcp.memuse                                    | Total                     | 1146880
tcp.reassembly_memuse                         | Total                     | 196608
flow.memuse                                   | Total                     | 7554640
------------------------------------------------------------------------------------
Date: 2/26/2021 -- 03:37:08 (uptime: 0d, 00h 00m 32s)
------------------------------------------------------------------------------------
Counter                                       | TM Name                   | Value
------------------------------------------------------------------------------------
capture.kernel_packets                        | Total                     | 88
decoder.pkts                                  | Total                     | 88
decoder.bytes                                 | Total                     | 8530
decoder.ipv4                                  | Total                     | 86
decoder.ethernet                              | Total                     | 88
decoder.icmpv4                                | Total                     | 86
decoder.avg_pkt_size                          | Total                     | 96
decoder.max_pkt_size                          | Total                     | 98
flow.icmpv4                                   | Total                     | 1
detect.alert                                  | Total                     | 2
flow.spare                                    | Total                     | 10000
flow_mgr.rows_checked                         | Total                     | 65536
flow_mgr.rows_skipped                         | Total                     | 65536
tcp.memuse                                    | Total                     | 1146880
tcp.reassembly_memuse                         | Total                     | 196608
flow.memuse                                   | Total                     | 7554640
------------------------------------------------------------------------------------
Date: 2/26/2021 -- 03:37:11 (uptime: 0d, 00h 00m 35s)
------------------------------------------------------------------------------------
Counter                                       | TM Name                   | Value
------------------------------------------------------------------------------------
capture.kernel_packets                        | Total                     | 100
decoder.pkts                                  | Total                     | 100
decoder.bytes                                 | Total                     | 9706
decoder.ipv4                                  | Total                     | 98
decoder.ethernet                              | Total                     | 100
decoder.icmpv4                                | Total                     | 98
decoder.avg_pkt_size                          | Total                     | 97
decoder.max_pkt_size                          | Total                     | 98
flow.icmpv4                                   | Total                     | 1
detect.alert                                  | Total                     | 2
flow.spare                                    | Total                     | 10000
flow_mgr.rows_checked                         | Total                     | 65536
flow_mgr.rows_skipped                         | Total                     | 65536
tcp.memuse                                    | Total                     | 1146880
tcp.reassembly_memuse                         | Total                     | 196608
flow.memuse                                   | Total                     | 7554640
